<<<<<<< HEAD
ERROR: 2018/11/01 01:50:16 log.go:85: Start up Error log
ERROR: 2018/11/01 01:50:55 log.go:85: Start up Error log
ERROR: 2018/11/01 10:43:44 log.go:85: Start up Error log
ERROR: 2018/11/01 10:44:02 log.go:85: Start up Error log
ERROR: 2018/11/01 10:44:20 log.go:85: Start up Error log
ERROR: 2018/11/01 10:44:36 log.go:85: Start up Error log
ERROR: 2018/11/01 10:44:47 log.go:85: Start up Error log
ERROR: 2018/11/01 11:00:26 log.go:85: Start up Error log
ERROR: 2018/11/01 11:00:53 log.go:85: Start up Error log
ERROR: 2018/11/01 11:01:42 log.go:85: Start up Error log
ERROR: 2018/11/01 11:04:41 log.go:85: Start up Error log
ERROR: 2018/11/01 11:05:17 log.go:85: Start up Error log
ERROR: 2018/11/01 11:05:40 log.go:85: Start up Error log
ERROR: 2018/11/01 11:05:40 agendaservice.go:45: Login: User not Exist
ERROR: 2018/11/01 11:06:32 log.go:85: Start up Error log
ERROR: 2018/11/01 11:06:50 log.go:85: Start up Error log
ERROR: 2018/11/01 11:07:09 log.go:85: Start up Error log
ERROR: 2018/11/01 11:07:40 log.go:85: Start up Error log
ERROR: 2018/11/01 11:09:22 log.go:85: Start up Error log
ERROR: 2018/11/01 11:10:05 log.go:85: Start up Error log
ERROR: 2018/11/01 11:11:17 log.go:85: Start up Error log
ERROR: 2018/11/01 11:11:33 log.go:85: Start up Error log
ERROR: 2018/11/01 11:12:11 log.go:85: Start up Error log
=======
<<<<<<< HEAD
ERROR: 2018/10/31 10:31:08 log.go:85: Start up Error log
ERROR: 2018/10/31 10:31:38 log.go:85: Start up Error log
ERROR: 2018/10/31 10:31:58 log.go:85: Start up Error log
ERROR: 2018/10/31 14:39:14 log.go:85: Start up Error log
ERROR: 2018/10/31 14:39:38 log.go:85: Start up Error log
ERROR: 2018/10/31 14:40:02 log.go:85: Start up Error log
ERROR: 2018/10/31 14:40:35 log.go:85: Start up Error log
ERROR: 2018/10/31 15:31:21 log.go:85: Start up Error log
ERROR: 2018/10/31 15:58:24 log.go:85: Start up Error log
ERROR: 2018/10/31 15:58:24 agendaservice.go:45: Login: User not Exist
ERROR: 2018/10/31 15:59:09 log.go:85: Start up Error log
ERROR: 2018/10/31 15:59:09 agendaservice.go:45: Login: User not Exist
ERROR: 2018/10/31 15:59:38 log.go:85: Start up Error log
ERROR: 2018/10/31 15:59:51 log.go:85: Start up Error log
ERROR: 2018/10/31 15:59:51 agendaservice.go:45: Login: User not Exist
ERROR: 2018/10/31 16:02:07 log.go:85: Start up Error log
ERROR: 2018/10/31 17:18:59 log.go:85: Start up Error log
ERROR: 2018/10/31 17:19:23 log.go:85: Start up Error log
ERROR: 2018/10/31 17:19:43 log.go:85: Start up Error log
ERROR: 2018/10/31 17:20:13 log.go:85: Start up Error log
ERROR: 2018/10/31 17:52:00 log.go:85: Start up Error log
ERROR: 2018/10/31 17:52:39 log.go:85: Start up Error log
ERROR: 2018/10/31 17:52:39 agendaservice.go:62: User Register: Already exist username
ERROR: 2018/10/31 17:52:59 log.go:85: Start up Error log
ERROR: 2018/11/01 00:51:05 log.go:85: Start up Error log
ERROR: 2018/11/01 00:52:31 log.go:85: Start up Error log
ERROR: 2018/11/01 00:53:42 log.go:85: Start up Error log
ERROR: 2018/11/01 00:53:45 log.go:85: Start up Error log
ERROR: 2018/11/01 00:54:03 log.go:85: Start up Error log
ERROR: 2018/11/01 00:54:57 log.go:85: Start up Error log
ERROR: 2018/11/01 00:55:56 log.go:85: Start up Error log
ERROR: 2018/11/01 00:56:33 log.go:85: Start up Error log
ERROR: 2018/11/01 00:57:27 log.go:85: Start up Error log
ERROR: 2018/11/01 00:58:45 log.go:85: Start up Error log
ERROR: 2018/11/01 01:00:04 log.go:85: Start up Error log
ERROR: 2018/11/01 01:00:04 agendaservice.go:288: Add Meeting Participator: no such meeting
ERROR: 2018/11/01 01:01:00 log.go:85: Start up Error log
ERROR: 2018/11/01 01:01:10 log.go:85: Start up Error log
ERROR: 2018/11/01 01:01:10 agendaservice.go:288: Add Meeting Participator: no such meeting
ERROR: 2018/11/01 01:02:33 log.go:85: Start up Error log
ERROR: 2018/11/01 01:02:33 agendaservice.go:288: Add Meeting Participator: no such meeting
ERROR: 2018/11/01 01:05:18 log.go:85: Start up Error log
ERROR: 2018/11/01 01:05:18 agendaservice.go:288: Add Meeting Participator: no such meeting
ERROR: 2018/11/01 01:09:58 log.go:85: Start up Error log
ERROR: 2018/11/01 01:09:58 agendaservice.go:288: Add Meeting Participator: no such meeting
ERROR: 2018/11/01 01:14:41 log.go:85: Start up Error log
ERROR: 2018/11/01 01:14:41 agendaservice.go:289: Add Meeting Participator: no such meeting
ERROR: 2018/11/01 01:15:08 log.go:85: Start up Error log
ERROR: 2018/11/01 01:33:53 log.go:85: Start up Error log
ERROR: 2018/11/01 01:34:29 log.go:85: Start up Error log
=======
>>>>>>> 803333889b03ec9281d3ef31e6b69bb55b65ece5
<<<<<<< HEAD
ERROR: 2018/11/01 10:25:56 log.go:85: Start up Error log
ERROR: 2018/11/01 10:32:05 log.go:85: Start up Error log
ERROR: 2018/11/01 10:38:03 log.go:85: Start up Error log
ERROR: 2018/11/01 10:38:03 agendaservice.go:45: Login: User not Exist
ERROR: 2018/11/01 10:43:17 log.go:85: Start up Error log
ERROR: 2018/11/01 10:47:54 log.go:85: Start up Error log
=======
>>>>>>> ab0c821f4d5571ba66bba3241af279edb4938000
>>>>>>> 836f5fac5d6c31de568e51ae70c65e6123207818
ERROR: 2018/11/01 13:11:19 log.go:85: Start up Error log
ERROR: 2018/11/01 13:12:04 log.go:85: Start up Error log
ERROR: 2018/11/01 13:12:28 log.go:85: Start up Error log
ERROR: 2018/11/01 13:14:11 log.go:85: Start up Error log
ERROR: 2018/11/01 13:14:23 log.go:85: Start up Error log
ERROR: 2018/11/01 13:14:50 log.go:85: Start up Error log
ERROR: 2018/11/01 13:14:59 log.go:85: Start up Error log
ERROR: 2018/11/01 17:48:32 log.go:85: Start up Error log
ERROR: 2018/11/01 17:49:52 log.go:85: Start up Error log
ERROR: 2018/11/01 17:50:03 log.go:85: Start up Error log
ERROR: 2018/11/01 17:50:12 log.go:85: Start up Error log
ERROR: 2018/11/01 17:51:29 log.go:85: Start up Error log
ERROR: 2018/11/01 17:51:29 agendaservice.go:62: User Register: Already exist username
ERROR: 2018/11/01 17:51:34 log.go:85: Start up Error log
ERROR: 2018/11/01 17:51:55 log.go:85: Start up Error log
ERROR: 2018/11/01 17:52:22 log.go:85: Start up Error log
ERROR: 2018/11/01 17:52:44 log.go:85: Start up Error log
ERROR: 2018/11/01 17:53:15 log.go:85: Start up Error log
ERROR: 2018/11/01 17:53:22 log.go:85: Start up Error log
ERROR: 2018/11/01 17:54:06 log.go:85: Start up Error log
ERROR: 2018/11/01 17:54:06 agendaservice.go:45: Login: User not Exist
ERROR: 2018/11/01 17:54:15 log.go:85: Start up Error log
ERROR: 2018/11/01 17:55:12 log.go:85: Start up Error log
ERROR: 2018/11/01 17:55:47 log.go:85: Start up Error log
ERROR: 2018/11/01 17:56:09 log.go:85: Start up Error log
ERROR: 2018/11/01 17:57:42 log.go:85: Start up Error log
ERROR: 2018/11/01 17:57:48 log.go:85: Start up Error log
ERROR: 2018/11/01 17:59:32 log.go:85: Start up Error log
ERROR: 2018/11/01 17:59:32 agendaservice.go:105: Create Meeting: sponsor can't be participator
ERROR: 2018/11/01 18:38:03 log.go:85: Start up Error log
ERROR: 2018/11/01 18:38:03 agendaservice.go:105: Create Meeting: sponsor can't be participator
ERROR: 2018/11/01 18:43:28 log.go:85: Start up Error log
ERROR: 2018/11/01 18:44:25 log.go:85: Start up Error log
ERROR: 2018/11/01 18:45:05 log.go:85: Start up Error log
ERROR: 2018/11/01 18:47:03 log.go:85: Start up Error log
ERROR: 2018/11/01 18:47:27 log.go:85: Start up Error log
ERROR: 2018/11/01 18:47:43 log.go:85: Start up Error log
ERROR: 2018/11/01 18:47:43 agendaservice.go:277: Add Meeting Participator: No such a user:  zuoyu
ERROR: 2018/11/01 18:52:58 log.go:85: Start up Error log
ERROR: 2018/11/01 18:53:05 log.go:85: Start up Error log
ERROR: 2018/11/01 18:55:16 log.go:85: Start up Error log
ERROR: 2018/11/01 18:55:28 log.go:85: Start up Error log
ERROR: 2018/11/01 18:55:28 agendaservice.go:318: Remove Meeting Participator: Not in Meeting : zdy
ERROR: 2018/11/01 18:55:36 log.go:85: Start up Error log
ERROR: 2018/11/01 18:55:36 agendaservice.go:318: Remove Meeting Participator: Not in Meeting : zdy
ERROR: 2018/11/01 18:55:47 log.go:85: Start up Error log
ERROR: 2018/11/01 18:55:47 agendaservice.go:318: Remove Meeting Participator: Not in Meeting : zdy
ERROR: 2018/11/01 18:56:51 log.go:85: Start up Error log
ERROR: 2018/11/01 18:57:49 log.go:85: Start up Error log
ERROR: 2018/11/01 19:04:05 log.go:85: Start up Error log
ERROR: 2018/11/01 19:05:37 log.go:85: Start up Error log
ERROR: 2018/11/01 19:05:42 log.go:85: Start up Error log
ERROR: 2018/11/01 19:06:02 log.go:85: Start up Error log
ERROR: 2018/11/01 19:06:34 log.go:85: Start up Error log
ERROR: 2018/11/01 19:06:56 log.go:85: Start up Error log
ERROR: 2018/11/01 19:07:06 log.go:85: Start up Error log
